<?xml version="1.0" encoding="UTF-8" ?>
<testsuites errors="4"
            failures="1"
            tests="2">

  <testsuite name="scripts"
    errors="4" failures="1" hostname="" id="" package="scripts" skipped="1"
    tests="2" time="7.782" timestamp="">
  
    <testcase name="BMI Test Cases: " classname="scripts" time="1.470" assertions="2">

    

    
    </testcase>
  
    <testcase name="Retirement Calc Test Cases: " classname="scripts" time="6.312" assertions="2">

      <failure message="Testing if element [0;33m&lt;#yourResults&gt;[0m contains text [0;33m&#39;Your Results: 23.4%&#39;[0m in 5000ms - expected [0;32m&#34;contains text &#39;Your Results: 23.4%&#39;&#34;[0m but got: [0;31m&#34;does not contain &#39;Your Results: 23.4%&#39;&#34;[0m [0;90m(5536ms)[0m">    at Object.Retirement Calc Test Cases:  (D:\2020 Projects\swArchAssignmentTwo\tests\scripts.js:6:222)
    at processTicksAndRejections (internal/process/task_queues.js:97:5)</failure>

    
      <failure message="    at Object.Retirement Calc Test Cases:  (D:\2020 Projects\swArchAssignmentTwo\tests\scripts.js:6:222)">    at processTicksAndRejections (internal/process/task_queues.js:97:5)</failure>
      <error message="Error while running &#34;containsText&#34; command: Testing if element [0;33m&lt;#yourResults&gt;[0m contains text [0;33m&#39;Your Results: 23.4%&#39;[0m in 5000ms - expected [0;32m&#34;contains text &#39;Your Results: 23.4%&#39;&#34;[0m but got: [0;31m&#34;does not contain &#39;Your Results: 23.4%&#39;&#34;[0m [0;90m(5536ms)[0m" type="error">    at processTicksAndRejections (internal/process/task_queues.js:97:5)</error>
    
    </testcase>
  

  
    <system-err>
      [0;31m  TimeoutError: An error occurred while running .setValue() command on &lt;#height&gt;: element not interactable; Element &lt;input id=&#34;height&#34; class=&#34;small-input&#34; name=&#34;height&#34; type=&#34;number&#34;&gt; is not reachable by keyboard
   {&#34;status&#34;:-1,&#34;value&#34;:{&#34;error&#34;:&#34;element not interactable&#34;,&#34;message&#34;:&#34;Element &lt;input id=\&#34;height\&#34; class=\&#34;small-input\&#34; name=\&#34;height\&#34; type=\&#34;number\&#34;&gt; is not reachable by keyboard&#34;,&#34;stacktrace&#34;:&#34;WebDriverError@chrome://marionette/content/error.js:175:5\nElementNotInteractableError@chrome://marionette/content/error.js:285:5\nwebdriverSendKeysToElement@chrome://marionette/content/interaction.js:592:13\ninteraction.sendKeysToElement@chrome://marionette/content/interaction.js:568:11\nsendKeysToElement@chrome://marionette/content/listener.js:1456:21\ndispatch/&lt;/req&lt;@chrome://marionette/content/listener.js:525:17\ndispatch/&lt;@chrome://marionette/content/listener.js:520:15\n&#34;},&#34;errorStatus&#34;:&#34;&#34;,&#34;error&#34;:&#34;Element &lt;input id=\&#34;height\&#34; class=\&#34;small-input\&#34; name=\&#34;height\&#34; type=\&#34;number\&#34;&gt; is not reachable by keyboard&#34;,&#34;httpStatusCode&#34;:400}[0m
[0;90m       at processTicksAndRejections (internal/process/task_queues.js:97:5)[0m
[0;31m  TimeoutError: An error occurred while running .setValue() command on &lt;#inches&gt;: element not interactable; Element &lt;input id=&#34;inches&#34; class=&#34;small-input&#34; name=&#34;inches&#34; type=&#34;number&#34;&gt; is not reachable by keyboard
   {&#34;status&#34;:-1,&#34;value&#34;:{&#34;error&#34;:&#34;element not interactable&#34;,&#34;message&#34;:&#34;Element &lt;input id=\&#34;inches\&#34; class=\&#34;small-input\&#34; name=\&#34;inches\&#34; type=\&#34;number\&#34;&gt; is not reachable by keyboard&#34;,&#34;stacktrace&#34;:&#34;WebDriverError@chrome://marionette/content/error.js:175:5\nElementNotInteractableError@chrome://marionette/content/error.js:285:5\nwebdriverSendKeysToElement@chrome://marionette/content/interaction.js:592:13\ninteraction.sendKeysToElement@chrome://marionette/content/interaction.js:568:11\nsendKeysToElement@chrome://marionette/content/listener.js:1456:21\ndispatch/&lt;/req&lt;@chrome://marionette/content/listener.js:525:17\ndispatch/&lt;@chrome://marionette/content/listener.js:520:15\n&#34;},&#34;errorStatus&#34;:&#34;&#34;,&#34;error&#34;:&#34;Element &lt;input id=\&#34;inches\&#34; class=\&#34;small-input\&#34; name=\&#34;inches\&#34; type=\&#34;number\&#34;&gt; is not reachable by keyboard&#34;,&#34;httpStatusCode&#34;:400}[0m
[0;90m       at processTicksAndRejections (internal/process/task_queues.js:97:5)[0m
[0;31m  TimeoutError: An error occurred while running .setValue() command on &lt;#weight&gt;: element not interactable; Element &lt;input id=&#34;weight&#34; class=&#34;small-input&#34; name=&#34;weight&#34; type=&#34;number&#34;&gt; is not reachable by keyboard
   {&#34;status&#34;:-1,&#34;value&#34;:{&#34;error&#34;:&#34;element not interactable&#34;,&#34;message&#34;:&#34;Element &lt;input id=\&#34;weight\&#34; class=\&#34;small-input\&#34; name=\&#34;weight\&#34; type=\&#34;number\&#34;&gt; is not reachable by keyboard&#34;,&#34;stacktrace&#34;:&#34;WebDriverError@chrome://marionette/content/error.js:175:5\nElementNotInteractableError@chrome://marionette/content/error.js:285:5\nwebdriverSendKeysToElement@chrome://marionette/content/interaction.js:592:13\ninteraction.sendKeysToElement@chrome://marionette/content/interaction.js:568:11\nsendKeysToElement@chrome://marionette/content/listener.js:1456:21\ndispatch/&lt;/req&lt;@chrome://marionette/content/listener.js:525:17\ndispatch/&lt;@chrome://marionette/content/listener.js:520:15\n&#34;},&#34;errorStatus&#34;:&#34;&#34;,&#34;error&#34;:&#34;Element &lt;input id=\&#34;weight\&#34; class=\&#34;small-input\&#34; name=\&#34;weight\&#34; type=\&#34;number\&#34;&gt; is not reachable by keyboard&#34;,&#34;httpStatusCode&#34;:400}[0m
[0;90m       at processTicksAndRejections (internal/process/task_queues.js:97:5)[0m
[0;31m  TimeoutError: An error occurred while running .click() command on &lt;button#submitBMIBtn&gt;: element not interactable; Element &lt;button id=&#34;submitBMIBtn&#34;&gt; could not be scrolled into view
   {&#34;status&#34;:-1,&#34;value&#34;:{&#34;error&#34;:&#34;element not interactable&#34;,&#34;message&#34;:&#34;Element &lt;button id=\&#34;submitBMIBtn\&#34;&gt; could not be scrolled into view&#34;,&#34;stacktrace&#34;:&#34;WebDriverError@chrome://marionette/content/error.js:175:5\nElementNotInteractableError@chrome://marionette/content/error.js:285:5\nwebdriverClickElement@chrome://marionette/content/interaction.js:159:11\ninteraction.clickElement@chrome://marionette/content/interaction.js:131:11\nclickElement/&lt;@chrome://marionette/content/listener.js:1341:28\nnavigate/&lt;@chrome://marionette/content/listener.js:446:13\nnavigate@chrome://marionette/content/listener.js:447:7\nclickElement@chrome://marionette/content/listener.js:1339:18\n&#34;},&#34;errorStatus&#34;:&#34;&#34;,&#34;error&#34;:&#34;Element &lt;button id=\&#34;submitBMIBtn\&#34;&gt; could not be scrolled into view&#34;,&#34;httpStatusCode&#34;:400}[0m
[0;90m       at processTicksAndRejections (internal/process/task_queues.js:97:5)[0m
    </system-err>
  

  
    
    <testcase
      name="Testing Exit: " classname="scripts">
      <skipped />
    </testcase>
    
  
  </testsuite>
</testsuites>
